import time: self [us] | cumulative | imported package
import time:       100 |        100 | winreg
import time:       258 |        258 |   _io
import time:        44 |         44 |   marshal
import time:       226 |        226 |   nt
import time:       778 |       1306 | _frozen_importlib_external
import time:      4115 |       4115 |   time
import time:       274 |       4389 | zipimport
import time:        71 |         71 |     _codecs
import time:       650 |        721 |   codecs
import time:      2694 |       2694 |   encodings.aliases
import time:      2969 |       6383 | encodings
import time:      1993 |       1993 | encodings.utf_8
import time:      2050 |       2050 | encodings.cp1252
import time:        94 |         94 | _signal
import time:        54 |         54 |     _abc
import time:       265 |        319 |   abc
import time:       190 |        508 | io
import time:        69 |         69 |       _stat
import time:       120 |        189 |     stat
import time:      1090 |       1090 |     _collections_abc
import time:        90 |         90 |       genericpath
import time:       119 |        119 |       _winapi
import time:       301 |        508 |     ntpath
import time:       573 |       2358 |   os
import time:       338 |        338 |   _sitebuiltins
import time:      2554 |       2554 |   encodings.utf_8_sig
import time:       694 |        694 |     pywin32_system32
import time:      3463 |       4157 |   pywin32_bootstrap
import time:      5182 |       5182 |   _distutils_hack
import time:       472 |        472 |   sitecustomize
import time:       317 |        317 |   usercustomize
import time:      6187 |      21563 | site
import time:      2371 |       2371 | linecache
import time:      2960 |       2960 |     yfinance.version
import time:       275 |        275 |                   itertools
import time:      5828 |       5828 |                   keyword
import time:       191 |        191 |                     _operator
import time:      3544 |       3734 |                   operator
import time:      6355 |       6355 |                   reprlib
import time:       194 |        194 |                   _collections
import time:      4990 |      21373 |                 collections
import time:       135 |        135 |                 _functools
import time:      4668 |      26174 |               functools
import time:      3297 |       3297 |               types
import time:      4691 |      34161 |             enum
import time:       106 |        106 |               _sre
import time:      2135 |       2135 |                 re._constants
import time:      2089 |       4223 |               re._parser
import time:      3047 |       3047 |               re._casefix
import time:      2197 |       9572 |             re._compiler
import time:      2264 |       2264 |             copyreg
import time:      3895 |      49891 |           re
import time:        83 |         83 |             _json
import time:      2155 |       2238 |           json.scanner
import time:      8405 |      60533 |         json.decoder
import time:      2015 |       2015 |         json.encoder
import time:      5078 |      67624 |       json
import time:      1913 |       1913 |       warnings
import time:      2887 |       2887 |         __future__
import time:       180 |        180 |           _datetime
import time:      2445 |       2624 |         datetime
import time:      2425 |       2425 |             textwrap
import time:      2159 |       2159 |             contextlib
import time:      2012 |       2012 |             _colorize
import time:      2894 |       9489 |           traceback
import time:      2036 |       2036 |             _weakrefset
import time:      2765 |       4801 |           weakref
import time:        63 |         63 |             _string
import time:      2097 |       2160 |           string
import time:      2492 |       2492 |           threading
import time:        62 |         62 |           atexit
import time:      3513 |      22514 |         logging
import time:      1173 |       1173 |             _ast
import time:      3461 |       4633 |           ast
import time:        70 |         70 |               _opcode
import time:      2217 |       2217 |               _opcode_metadata
import time:      2517 |       4803 |             opcode
import time:      3192 |       7994 |           dis
import time:      2551 |       2551 |             importlib
import time:        94 |       2645 |           importlib.machinery
import time:      2254 |       2254 |             token
import time:        62 |         62 |             _tokenize
import time:      3466 |       5781 |           tokenize
import time:      4846 |      25897 |         inspect
import time:       104 |        104 |           _typing
import time:      6107 |       6211 |         typing
import time:      2284 |       2284 |               numpy._utils._convertions
import time:      1713 |       3996 |             numpy._utils
import time:      2663 |       6659 |           numpy._globals
import time:      3523 |       3523 |           numpy._expired_attrs_2_0
import time:      1821 |       1821 |           numpy.version
import time:        98 |         98 |             numpy._distributor_init_local
import time:      1745 |       1842 |           numpy._distributor_init
import time:      2507 |       2507 |                     numpy._utils._inspect
import time:       242 |        242 |                       math
import time:      3001 |       3001 |                       numpy.exceptions
import time:      2340 |       2340 |                       numpy._core._exceptions
import time:       138 |        138 |                           _contextvars
import time:      2540 |       2678 |                         contextvars
import time:      2172 |       4850 |                       numpy._core.printoptions
import time:      2090 |       2090 |                       numpy.dtypes
import time:     24729 |      37249 |                     numpy._core._multiarray_umath
import time:      3055 |      42810 |                   numpy._core.overrides
import time:      2847 |      45657 |                 numpy._core.multiarray
import time:      2625 |       2625 |                 numpy._core.umath
import time:      2160 |       2160 |                   numbers
import time:      2684 |       2684 |                   numpy._core._string_helpers
import time:      5119 |       5119 |                   numpy._core._type_aliases
import time:      3423 |       3423 |                   numpy._core._dtype
import time:      2446 |      15830 |                 numpy._core.numerictypes
import time:       112 |        112 |                             _struct
import time:      1718 |       1829 |                           struct
import time:      1661 |       1661 |                           _compat_pickle
import time:       168 |        168 |                           _pickle
import time:      3119 |       6776 |                         pickle
import time:      2703 |       9479 |                       numpy._core._methods
import time:      4223 |      13701 |                     numpy._core.fromnumeric
import time:      2586 |      16286 |                   numpy._core.shape_base
import time:      2499 |       2499 |                   numpy._core._ufunc_config
import time:      2474 |       2474 |                   numpy._core.arrayprint
import time:      2637 |       2637 |                   numpy._core._asarray
import time:      3142 |      27035 |                 numpy._core.numeric
import time:      2359 |       2359 |                 numpy._core.records
import time:      2152 |       2152 |                 numpy._core.memmap
import time:      1827 |       1827 |                 numpy._core.function_base
import time:      2159 |       2159 |                 numpy._core._machar
import time:      2659 |       2659 |                 numpy._core.getlimits
import time:      2579 |       2579 |                 numpy._core.einsumfunc
import time:      3599 |       3599 |                 numpy._core._add_newdocs
import time:      2656 |       2656 |                 numpy._core._add_newdocs_scalars
import time:      1870 |       1870 |                 numpy._core._dtype_ctypes
import time:     11701 |      11701 |                     _ctypes
import time:      2544 |       2544 |                     ctypes._endian
import time:      2781 |      17025 |                   ctypes
import time:      2244 |      19268 |                 numpy._core._internal
import time:      1953 |       1953 |                 numpy._pytesttester
import time:      2712 |     136934 |               numpy._core
import time:        66 |     137000 |             numpy._core._multiarray_umath
import time:      1942 |     138941 |           numpy.__config__
import time:      1770 |       1770 |               numpy.lib._array_utils_impl
import time:      2896 |       4666 |             numpy.lib.array_utils
import time:      2063 |       2063 |             numpy.lib.introspect
import time:      1746 |       1746 |             numpy.lib.mixins
import time:      6225 |       6225 |                       _wmi
import time:      3899 |      10124 |                     platform
import time:      3686 |      13809 |                   numpy.lib._utils_impl
import time:      2176 |      15985 |                 numpy.lib.format
import time:      2009 |       2009 |                 numpy.lib._datasource
import time:      2544 |       2544 |                 numpy.lib._iotools
import time:      2508 |      23045 |               numpy.lib._npyio_impl
import time:      1552 |      24597 |             numpy.lib.npyio
import time:      1525 |       1525 |                   numpy.lib._ufunclike_impl
import time:      1804 |       3328 |                 numpy.lib._type_check_impl
import time:      2338 |       5666 |               numpy.lib._scimath_impl
import time:      2726 |       8391 |             numpy.lib.scimath
import time:      1667 |       1667 |               numpy.lib._stride_tricks_impl
import time:      1300 |       2967 |             numpy.lib.stride_tricks
import time:      2018 |       2018 |                     numpy.linalg.linalg
import time:      1893 |       1893 |                       numpy.lib._twodim_base_impl
import time:      2029 |       2029 |                       numpy.linalg._umath_linalg
import time:      1956 |       1956 |                         numpy._typing._nested_sequence
import time:      1991 |       1991 |                         numpy._typing._nbit_base
import time:      2516 |       2516 |                         numpy._typing._nbit
import time:      3789 |       3789 |                         numpy._typing._char_codes
import time:      2003 |       2003 |                         numpy._typing._scalars
import time:      1766 |       1766 |                         numpy._typing._shape
import time:      4234 |       4234 |                         numpy._typing._dtype_like
import time:      5321 |       5321 |                         numpy._typing._array_like
import time:      1900 |       1900 |                         numpy._typing._ufunc
import time:      1942 |      27415 |                       numpy._typing
import time:      3067 |      34402 |                     numpy.linalg._linalg
import time:      2227 |      38647 |                   numpy.linalg
import time:      2253 |      40900 |                 numpy.matrixlib.defmatrix
import time:      1524 |      42423 |               numpy.matrixlib
import time:      2309 |       2309 |                 numpy.lib._histograms_impl
import time:      3032 |       5340 |               numpy.lib._function_base_impl
import time:      1837 |      49600 |             numpy.lib._index_tricks_impl
import time:      2169 |       2169 |             numpy.lib._nanfunctions_impl
import time:      1990 |       1990 |             numpy.lib._shape_base_impl
import time:      3586 |       3586 |             numpy.lib._arraysetops_impl
import time:      3247 |       3247 |             numpy.lib._polynomial_impl
import time:      3021 |       3021 |             numpy.lib._arrayterator_impl
import time:      2121 |       2121 |             numpy.lib._arraypad_impl
import time:      1900 |       1900 |             numpy.lib._version
import time:      2825 |     114882 |           numpy.lib
import time:      1984 |       1984 |           numpy._array_api_info
import time:      4310 |     273959 |         numpy
import time:      1859 |       1859 |             pytz.exceptions
import time:      1683 |       1683 |             pytz.lazy
import time:        61 |         61 |                 _bisect
import time:      1546 |       1606 |               bisect
import time:      1620 |       3226 |             pytz.tzinfo
import time:      1660 |       1660 |             pytz.tzfile
import time:      3021 |      11448 |           pytz
import time:      2466 |       2466 |             dateutil._version
import time:      2774 |       5239 |           dateutil
import time:      3141 |       3141 |               sysconfig
import time:        51 |         51 |               _sysconfig
import time:      3270 |       6461 |             pandas.compat._constants
import time:      2859 |       2859 |                 _compression
import time:      4384 |       4384 |                 _bz2
import time:      2232 |       9474 |               bz2
import time:      4434 |       4434 |                 _lzma
import time:      2231 |       6664 |               lzma
import time:      1842 |      17980 |             pandas.compat.compressors
import time:      2528 |       2528 |                 pandas.util
import time:      5359 |       7887 |               pandas.util.version
import time:      2472 |      10358 |             pandas.compat.numpy
import time:       456 |        456 |               pyarrow
import time:      2361 |       2817 |             pandas.compat.pyarrow
import time:      2260 |      39874 |           pandas.compat
import time:      3332 |       3332 |                       numpy.random._common
import time:       131 |        131 |                           binascii
import time:      5356 |       5487 |                         base64
import time:     10054 |      10054 |                           _hashlib
import time:       100 |        100 |                             _blake2
import time:      2357 |       2456 |                           hashlib
import time:      2756 |      15265 |                         hmac
import time:       381 |        381 |                           _random
import time:      3415 |       3796 |                         random
import time:      2132 |      26678 |                       secrets
import time:      3527 |      33536 |                     numpy.random.bit_generator
import time:      3537 |       3537 |                       numpy.random._bounded_integers
import time:      6425 |       6425 |                       numpy.random._mt19937
import time:      5155 |      15116 |                     numpy.random.mtrand
import time:      3993 |       3993 |                     numpy.random._philox
import time:      3234 |       3234 |                     numpy.random._pcg64
import time:      2502 |       2502 |                     numpy.random._sfc64
import time:      7347 |       7347 |                     numpy.random._generator
import time:      2867 |      68593 |                   numpy.random._pickle
import time:      3034 |      71627 |                 numpy.random
import time:      6669 |      78295 |               pandas._typing
import time:      2646 |       2646 |               pandas.util._exceptions
import time:      4076 |      85017 |             pandas._config.config
import time:      2313 |       2313 |             pandas._config.dates
import time:       136 |        136 |                 _locale
import time:      5131 |       5266 |               locale
import time:      4575 |       9841 |             pandas._config.display
import time:      2185 |      99354 |           pandas._config
import time:      2310 |       2310 |             pandas.core
import time:      8681 |      10991 |           pandas.core.config_init
import time:     10730 |      10730 |               pandas._libs.pandas_parser
import time:      4575 |       4575 |               pandas._libs.pandas_datetime
import time:      2306 |       2306 |                           pandas._libs.tslibs.ccalendar
import time:      2249 |       2249 |                           pandas._libs.tslibs.np_datetime
import time:      3837 |       8392 |                         pandas._libs.tslibs.dtypes
import time:      4278 |       4278 |                           pandas._libs.tslibs.base
import time:      2663 |       2663 |                               pandas._libs.tslibs.nattype
import time:      2270 |       2270 |                                   pandas.compat._optional
import time:      2679 |       2679 |                                     zoneinfo._tzpath
import time:      2578 |       2578 |                                     zoneinfo._common
import time:      4454 |       4454 |                                     _zoneinfo
import time:      1794 |      11504 |                                   zoneinfo
import time:      2211 |       2211 |                                           importlib._abc
import time:       349 |       2560 |                                         importlib.util
import time:      3152 |       5712 |                                       six
import time:       102 |        102 |                                       six.moves
import time:      1959 |       1959 |                                       dateutil.tz._common
import time:      1785 |       1785 |                                       dateutil.tz._factories
import time:      2882 |       2882 |                                         ctypes.wintypes
import time:      3666 |       6548 |                                       dateutil.tz.win
import time:      3577 |      19681 |                                     dateutil.tz.tz
import time:      2605 |      22285 |                                   dateutil.tz
import time:      6341 |      42399 |                                 pandas._libs.tslibs.timezones
import time:      3462 |       3462 |                                     calendar
import time:      3378 |       6839 |                                   _strptime
import time:       202 |        202 |                                       errno
import time:      2364 |       2364 |                                       signal
import time:       546 |        546 |                                       fcntl
import time:       121 |        121 |                                       msvcrt
import time:      3063 |       6294 |                                     subprocess
import time:      2432 |       8726 |                                   pandas._config.localization
import time:      2276 |      17840 |                                 pandas._libs.tslibs.fields
import time:      3502 |      63740 |                               pandas._libs.tslibs.timedeltas
import time:      2872 |       2872 |                               pandas._libs.tslibs.tzconversion
import time:      2801 |      72075 |                             pandas._libs.tslibs.timestamps
import time:      1955 |       1955 |                             pandas._libs.properties
import time:      4071 |      78099 |                           pandas._libs.tslibs.offsets
import time:      7078 |       7078 |                               _decimal
import time:      2056 |       9134 |                             decimal
import time:      2355 |       2355 |                                 dateutil._common
import time:      5141 |       7496 |                               dateutil.parser._parser
import time:      2630 |       2630 |                               dateutil.parser.isoparser
import time:      2791 |      12916 |                             dateutil.parser
import time:      3088 |       3088 |                             pandas._libs.tslibs.strptime
import time:      3025 |      28161 |                           pandas._libs.tslibs.parsing
import time:      2649 |     113186 |                         pandas._libs.tslibs.conversion
import time:      2426 |       2426 |                         pandas._libs.tslibs.period
import time:      1984 |       1984 |                         pandas._libs.tslibs.vectorized
import time:      2951 |     128938 |                       pandas._libs.tslibs
import time:        51 |     128988 |                     pandas._libs.tslibs.nattype
import time:      2507 |       2507 |                     pandas._libs.ops_dispatch
import time:      4471 |     135965 |                   pandas._libs.missing
import time:      3781 |     139746 |                 pandas._libs.hashtable
import time:      3139 |       3139 |                 pandas._libs.algos
import time:      2910 |     145794 |               pandas._libs.interval
import time:      2334 |     163431 |             pandas._libs
import time:      1965 |       1965 |               pandas.core.dtypes
import time:       465 |        465 |                 pyarrow
import time:      2760 |       3225 |               pandas._libs.lib
import time:      2231 |       2231 |               pandas.errors
import time:      2928 |       2928 |                 pandas.core.dtypes.generic
import time:      1945 |       4873 |               pandas.core.dtypes.base
import time:      1792 |       1792 |               pandas.core.dtypes.inference
import time:      3024 |      17107 |             pandas.core.dtypes.dtypes
import time:      1757 |       1757 |               pandas.core.dtypes.common
import time:      1866 |       3622 |             pandas.core.dtypes.missing
import time:      1827 |       1827 |               pandas.util._decorators
import time:      1851 |       1851 |                   pandas.io
import time:      3091 |       4942 |                 pandas.io._util
import time:      2168 |       7109 |               pandas.core.dtypes.cast
import time:      2679 |       2679 |                 pandas.core.dtypes.astype
import time:      1766 |       4445 |               pandas.core.dtypes.concat
import time:      2130 |       2130 |                 pandas.core.array_algos
import time:      7887 |       7887 |                     numpy.ma.core
import time:      3156 |       3156 |                     numpy.ma.extras
import time:      1756 |      12798 |                   numpy.ma
import time:      1912 |       1912 |                   pandas.core.common
import time:      1829 |      16538 |                 pandas.core.construction
import time:      2163 |      20830 |               pandas.core.array_algos.take
import time:      1713 |       1713 |                 pandas.core.indexers.utils
import time:      1714 |       3427 |               pandas.core.indexers
import time:      2218 |      39853 |             pandas.core.algorithms
import time:      2124 |       2124 |                 pandas.core.arrays.arrow.accessors
import time:      3877 |       3877 |                   unicodedata
import time:      1895 |       1895 |                   pandas.util._validators
import time:      2885 |       2885 |                   pandas.core.missing
import time:      2104 |       2104 |                       pandas._libs.ops
import time:      1570 |       1570 |                       pandas.core.roperator
import time:      1745 |       1745 |                       pandas.core.computation
import time:      1931 |       1931 |                         pandas.core.computation.check
import time:      2398 |       4329 |                       pandas.core.computation.expressions
import time:      1960 |       1960 |                       pandas.core.ops.missing
import time:      2538 |       2538 |                       pandas.core.ops.dispatch
import time:      1733 |       1733 |                       pandas.core.ops.invalid
import time:      2183 |      18159 |                     pandas.core.ops.array_ops
import time:      1612 |       1612 |                     pandas.core.ops.common
import time:      2005 |       2005 |                     pandas.core.ops.docstrings
import time:      1515 |       1515 |                     pandas.core.ops.mask_ops
import time:      2629 |      25918 |                   pandas.core.ops
import time:      1954 |       1954 |                   pandas.core.arraylike
import time:      1647 |       1647 |                   pandas.core.arrays._arrow_string_mixins
import time:      1423 |       1423 |                   pandas.core.arrays._utils
import time:      2329 |       2329 |                     pandas.compat.numpy.function
import time:      1710 |       1710 |                     pandas.core.array_algos.quantile
import time:      1881 |       1881 |                     pandas.core.sorting
import time:      3694 |       9613 |                   pandas.core.arrays.base
import time:      4097 |       4097 |                     pandas.core.nanops
import time:      3431 |       3431 |                     pandas.core.array_algos.masked_accumulations
import time:      2324 |       2324 |                     pandas.core.array_algos.masked_reductions
import time:      1959 |       1959 |                       pandas.core.util
import time:      2279 |       2279 |                       pandas._libs.hashing
import time:      2067 |       6305 |                     pandas.core.util.hashing
import time:      2967 |      19121 |                   pandas.core.arrays.masked
import time:      2790 |       2790 |                     pandas._libs.arrays
import time:      2408 |       2408 |                       pandas.core.arrays.numeric
import time:      4841 |       7249 |                     pandas.core.arrays.floating
import time:      3103 |       3103 |                     pandas.core.arrays.integer
import time:      3189 |       3189 |                         pandas.core.array_algos.transforms
import time:      7000 |      10188 |                       pandas.core.arrays._mixins
import time:      3068 |       3068 |                         pandas.core.strings
import time:      4936 |       4936 |                         pandas.core.strings.base
import time:      3601 |      11604 |                       pandas.core.strings.object_array
import time:      5363 |      27154 |                     pandas.core.arrays.numpy_
import time:      4913 |       4913 |                     pandas.io.formats
import time:       562 |        562 |                               posix
import time:       398 |        398 |                               posix
import time:       291 |       1250 |                             posixpath
import time:      5785 |       7035 |                           fnmatch
import time:       128 |        128 |                           zlib
import time:      9682 |      16844 |                         shutil
import time:     11113 |      27956 |                       pandas.io.formats.console
import time:     11009 |      38965 |                     pandas.io.formats.printing
import time:      3035 |      87206 |                   pandas.core.arrays.string_
import time:      3559 |       3559 |                     pandas.tseries
import time:      3747 |       7306 |                   pandas.tseries.frequencies
import time:      4152 |     166992 |                 pandas.core.arrays.arrow.array
import time:      2661 |     171776 |               pandas.core.arrays.arrow
import time:      4215 |       4215 |               pandas.core.arrays.boolean
import time:       278 |        278 |                   _csv
import time:      6972 |       7249 |                 csv
import time:      2889 |       2889 |                 pandas.core.accessor
import time:      4583 |       4583 |                 pandas.core.base
import time:      4928 |      19648 |               pandas.core.arrays.categorical
import time:      4551 |       4551 |                 pandas._libs.tslib
import time:      3069 |       3069 |                   pandas.core.array_algos.datetimelike_accumulations
import time:      4397 |       7465 |                 pandas.core.arrays.datetimelike
import time:      3295 |       3295 |                 pandas.core.arrays._ranges
import time:      3749 |       3749 |                 pandas.tseries.offsets
import time:      5257 |      24314 |               pandas.core.arrays.datetimes
import time:      5120 |       5120 |                 pandas.core.arrays.timedeltas
import time:      4661 |       9780 |               pandas.core.arrays.interval
import time:      4934 |       4934 |               pandas.core.arrays.period
import time:      3229 |       3229 |                     pandas._libs.sparse
import time:      3846 |       7075 |                   pandas.core.arrays.sparse.array
import time:      3463 |      10538 |                 pandas.core.arrays.sparse.accessor
import time:      3520 |      14058 |               pandas.core.arrays.sparse
import time:      4262 |       4262 |               pandas.core.arrays.string_arrow
import time:      3130 |     256114 |             pandas.core.arrays
import time:      2926 |       2926 |             pandas.core.flags
import time:      3717 |       3717 |                   pandas._libs.internals
import time:      2485 |       2485 |                     pandas.core._numba
import time:      2366 |       4850 |                   pandas.core._numba.executor
import time:      2954 |      11520 |                 pandas.core.apply
import time:      3078 |       3078 |                     copy
import time:       178 |        178 |                     gc
import time:      2503 |       2503 |                       pandas._libs.indexing
import time:      3009 |       3009 |                         pandas.core.indexes
import time:      4014 |       4014 |                           pandas._libs.index
import time:      3562 |       3562 |                           pandas._libs.writers
import time:      3686 |       3686 |                           pandas._libs.join
import time:      3641 |       3641 |                           pandas.core.array_algos.putmask
import time:      3321 |       3321 |                           pandas.core.indexes.frozen
import time:      6948 |       6948 |                           pandas.core.strings.accessor
import time:      6321 |      31491 |                         pandas.core.indexes.base
import time:      3062 |       3062 |                           pandas.core.indexes.extension
import time:      2304 |       5365 |                         pandas.core.indexes.category
import time:      2686 |       2686 |                             pandas.core.indexes.range
import time:      1896 |       1896 |                               pandas.core.tools
import time:      3213 |       5109 |                             pandas.core.tools.timedeltas
import time:      2866 |      10660 |                           pandas.core.indexes.datetimelike
import time:      3440 |       3440 |                           pandas.core.tools.times
import time:      4363 |      18462 |                         pandas.core.indexes.datetimes
import time:      3197 |       3197 |                           pandas.core.indexes.multi
import time:      2581 |       2581 |                           pandas.core.indexes.timedeltas
import time:      4030 |       9807 |                         pandas.core.indexes.interval
import time:      2119 |       2119 |                         pandas.core.indexes.period
import time:      2605 |      72854 |                       pandas.core.indexes.api
import time:      3841 |      79197 |                     pandas.core.indexing
import time:      1849 |       1849 |                     pandas.core.sample
import time:      3098 |       3098 |                     pandas.core.array_algos.replace
import time:      3580 |       3580 |                         pandas.core.internals.blocks
import time:      3144 |       6724 |                       pandas.core.internals.api
import time:      1802 |       1802 |                         pandas.core.internals.base
import time:      3282 |       3282 |                           pandas.core.internals.ops
import time:      3538 |       6819 |                         pandas.core.internals.managers
import time:      2296 |      10915 |                       pandas.core.internals.array_manager
import time:      2449 |       2449 |                       pandas.core.internals.concat
import time:      2154 |      22240 |                     pandas.core.internals
import time:      2262 |       2262 |                     pandas.core.internals.construction
import time:      1767 |       1767 |                       pandas.core.methods
import time:      2244 |       2244 |                         pandas.core.reshape
import time:      3494 |       5738 |                       pandas.core.reshape.concat
import time:      2953 |       2953 |                           dataclasses
import time:      2538 |       2538 |                           gzip
import time:       112 |        112 |                           mmap
import time:      4063 |       4063 |                               glob
import time:      3577 |       7639 |                             pathlib._abc
import time:       764 |        764 |                               pwd
import time:       396 |        396 |                               grp
import time:      3809 |       4968 |                             pathlib._local
import time:      2895 |      15501 |                           pathlib
import time:      1062 |       1062 |                             pwd
import time:       808 |        808 |                             grp
import time:      4696 |       6565 |                           tarfile
import time:      2454 |       2454 |                             urllib
import time:      3204 |       3204 |                             ipaddress
import time:      3772 |       9430 |                           urllib.parse
import time:      2576 |       2576 |                               zipfile._path.glob
import time:      2695 |       5271 |                             zipfile._path
import time:      3096 |       8366 |                           zipfile
import time:      2519 |       2519 |                           pandas.core.shared_docs
import time:      3608 |      51589 |                         pandas.io.common
import time:      2991 |      54580 |                       pandas.io.formats.format
import time:      2141 |      64224 |                     pandas.core.methods.describe
import time:      1904 |       1904 |                           pandas._libs.window
import time:      6228 |       8132 |                         pandas._libs.window.aggregations
import time:      2054 |       2054 |                           pandas._libs.window.indexers
import time:      2398 |       4451 |                         pandas.core.indexers.objects
import time:      2105 |       2105 |                         pandas.core.util.numba_
import time:      1782 |       1782 |                         pandas.core.window.common
import time:      1649 |       1649 |                         pandas.core.window.doc
import time:      2067 |       2067 |                         pandas.core.window.numba_
import time:      2169 |       2169 |                         pandas.core.window.online
import time:      4276 |       4276 |                         pandas.core.window.rolling
import time:      3074 |      29701 |                       pandas.core.window.ewm
import time:      5463 |       5463 |                       pandas.core.window.expanding
import time:      2556 |      37719 |                     pandas.core.window
import time:      8095 |     221937 |                   pandas.core.generic
import time:      3644 |       3644 |                   pandas.core.methods.selectn
import time:      2642 |       2642 |                     pandas.core.reshape.util
import time:      2060 |       2060 |                     pandas.core.tools.numeric
import time:      2410 |       7111 |                   pandas.core.reshape.melt
import time:      3465 |       3465 |                     pandas._libs.reshape
import time:      3884 |       3884 |                     pandas.core.indexes.accessors
import time:      1759 |       1759 |                       pandas.arrays
import time:      2626 |       4385 |                     pandas.core.tools.datetimes
import time:      2463 |       2463 |                     pandas.io.formats.info
import time:      3006 |       3006 |                       pandas.plotting._core
import time:      2836 |       2836 |                       pandas.plotting._misc
import time:      1809 |       7651 |                     pandas.plotting
import time:      6452 |      28298 |                   pandas.core.series
import time:      8836 |     269824 |                 pandas.core.frame
import time:      3097 |       3097 |                 pandas.core.groupby.base
import time:      3597 |       3597 |                   pandas._libs.groupby
import time:      1955 |       1955 |                     pandas.core.groupby.categorical
import time:      2877 |       4832 |                   pandas.core.groupby.grouper
import time:      3150 |      11578 |                 pandas.core.groupby.ops
import time:      1774 |       1774 |                   pandas.core.groupby.numba_
import time:      1780 |       1780 |                   pandas.core.groupby.indexing
import time:      5024 |       8577 |                 pandas.core.groupby.groupby
import time:      5118 |     309712 |               pandas.core.groupby.generic
import time:      2321 |     312032 |             pandas.core.groupby
import time:      4871 |     799954 |           pandas.core.api
import time:      2255 |       2255 |           pandas.tseries.api
import time:      2818 |       2818 |                   pandas.core.computation.common
import time:      2226 |       5043 |                 pandas.core.computation.align
import time:      5808 |       5808 |                     pprint
import time:      2968 |       8775 |                   pandas.core.computation.scope
import time:      3552 |      12326 |                 pandas.core.computation.ops
import time:      2162 |      19531 |               pandas.core.computation.engines
import time:      3920 |       3920 |                 pandas.core.computation.parsing
import time:      5316 |       9235 |               pandas.core.computation.expr
import time:      2778 |      31543 |             pandas.core.computation.eval
import time:      2372 |      33915 |           pandas.core.computation.api
import time:      2257 |       2257 |             pandas.core.reshape.encoding
import time:      6300 |       6300 |                 _uuid
import time:      4919 |      11218 |               uuid
import time:      4692 |      15910 |             pandas.core.reshape.merge
import time:      3890 |       3890 |             pandas.core.reshape.pivot
import time:      3855 |       3855 |             pandas.core.reshape.tile
import time:      2555 |      28466 |           pandas.core.reshape.api
import time:      3652 |       3652 |             pandas.api.extensions
import time:      2532 |       2532 |             pandas.api.indexers
import time:      4082 |       4082 |                 pandas.core.interchange
import time:      6375 |      10456 |               pandas.core.interchange.dataframe_protocol
import time:      3681 |       3681 |                 pandas.core.interchange.utils
import time:      3179 |       6859 |               pandas.core.interchange.from_dataframe
import time:      2500 |      19815 |             pandas.api.interchange
import time:      4235 |       4235 |               pandas.core.dtypes.api
import time:      4061 |       8296 |             pandas.api.types
import time:      5548 |       5548 |               pandas.core.resample
import time:      3946 |       3946 |                     pandas._libs.json
import time:      3225 |       3225 |                     pandas.io.json._normalize
import time:      3316 |       3316 |                     pandas.io.json._table_schema
import time:      4621 |       4621 |                           pandas._libs.parsers
import time:      3559 |       3559 |                             pandas.io.parsers.base_parser
import time:      4247 |       7806 |                           pandas.io.parsers.arrow_parser_wrapper
import time:      2424 |       2424 |                           pandas.io.parsers.c_parser_wrapper
import time:      2446 |       2446 |                           pandas.io.parsers.python_parser
import time:      9363 |      26658 |                         pandas.io.parsers.readers
import time:      6385 |      33042 |                       pandas.io.parsers
import time:        53 |      33095 |                     pandas.io.parsers.readers
import time:      5894 |      49473 |                   pandas.io.json._json
import time:      3582 |      53055 |                 pandas.io.json
import time:        48 |      53102 |               pandas.io.json._json
import time:      5027 |       5027 |               pandas.io.stata
import time:      3832 |      67509 |             pandas.api.typing
import time:      3690 |     105491 |           pandas.api
import time:      4768 |       4768 |                   tempfile
import time:      3090 |       7858 |                 pandas._testing.contexts
import time:      2571 |      10428 |               pandas._testing._io
import time:      3041 |       3041 |               pandas._testing._warnings
import time:        84 |         84 |                   cmath
import time:      3324 |       3408 |                 pandas._libs.testing
import time:      2930 |       6338 |               pandas._testing.asserters
import time:      3048 |       3048 |               pandas._testing.compat
import time:      2912 |      25765 |             pandas._testing
import time:      2350 |      28114 |           pandas.testing
import time:      3787 |       3787 |           pandas.util._print_versions
import time:      2557 |       2557 |             pandas.io.clipboards
import time:      3482 |       3482 |                 pandas.io.excel._util
import time:      2638 |       2638 |                 pandas.io.excel._calamine
import time:      2010 |       2010 |                 pandas.io.excel._odfreader
import time:      1994 |       1994 |                 pandas.io.excel._openpyxl
import time:      1876 |       1876 |                 pandas.io.excel._pyxlsb
import time:      1812 |       1812 |                 pandas.io.excel._xlrd
import time:      3987 |      17797 |               pandas.io.excel._base
import time:      2270 |       2270 |               pandas.io.excel._odswriter
import time:      3646 |       3646 |               pandas.io.excel._xlsxwriter
import time:      2293 |      26005 |             pandas.io.excel
import time:      2224 |       2224 |             pandas.io.feather_format
import time:      2391 |       2391 |             pandas.io.gbq
import time:      2824 |       2824 |             pandas.io.html
import time:      2153 |       2153 |             pandas.io.orc
import time:      2874 |       2874 |             pandas.io.parquet
import time:      2974 |       2974 |               pandas.compat.pickle_compat
import time:      4420 |       7394 |             pandas.io.pickle
import time:      3635 |       3635 |               pandas.core.computation.pytables
import time:      5722 |       9356 |             pandas.io.pytables
import time:      3941 |       3941 |               pandas.io.sas.sasreader
import time:      6997 |      10938 |             pandas.io.sas
import time:      3153 |       3153 |             pandas.io.spss
import time:      4064 |       4064 |             pandas.io.sql
import time:      6453 |       6453 |             pandas.io.xml
import time:      3581 |      85963 |           pandas.io.api
import time:      2700 |       2700 |           pandas.util._tester
import time:      2318 |       2318 |           pandas._version_meson
import time:      3821 |    1263683 |         pandas
import time:      6528 |       6528 |         yfinance.const
import time:      2669 |    1606968 |       yfinance.utils
import time:      6584 |       6584 |           _cffi_backend
import time:      2116 |       2116 |               email
import time:      2956 |       2956 |               importlib.metadata._meta
import time:      2083 |       2083 |               importlib.metadata._collections
import time:      3658 |       3658 |               importlib.metadata._functools
import time:      3223 |       3223 |               importlib.metadata._itertools
import time:      2777 |       2777 |                     importlib.resources.abc
import time:      3285 |       6062 |                   importlib.resources._common
import time:      2547 |       2547 |                   importlib.resources._functional
import time:      2011 |      10619 |                 importlib.resources
import time:      3076 |      13695 |               importlib.abc
import time:      3896 |      31625 |             importlib.metadata
import time:      4023 |       4023 |                 http
import time:      4956 |       8978 |               http.cookies
import time:      3317 |       3317 |                 certifi.core
import time:      4247 |       7564 |               certifi
import time:      7842 |       7842 |               curl_cffi._wrapper
import time:     12582 |      12582 |               curl_cffi.const
import time:      2104 |       2104 |               curl_cffi.utils
import time:      2196 |       2196 |               importlib.resources._adapters
import time:      1731 |       1731 |                   importlib.resources._itertools
import time:      2294 |       4024 |                 importlib.resources.readers
import time:      1913 |       5936 |               importlib.readers
import time:      3933 |      51131 |             curl_cffi.curl
import time:      2916 |       2916 |                 quopri
import time:      3659 |       3659 |                   email._parseaddr
import time:      3600 |       7258 |                 email.utils
import time:      3296 |       3296 |                 email.errors
import time:      3073 |       3073 |                     email.quoprimime
import time:      3019 |       3019 |                     email.base64mime
import time:      1576 |       1576 |                       email.encoders
import time:      1943 |       3519 |                     email.charset
import time:      3055 |      12663 |                   email.header
import time:      2229 |      14892 |                 email._policybase
import time:      1825 |       1825 |                 email._encoded_words
import time:      1515 |       1515 |                 email.iterators
import time:      3870 |      35570 |               email.message
import time:      1736 |       1736 |               importlib.metadata._text
import time:      3424 |      40729 |             importlib.metadata._adapters
import time:      2331 |       2331 |               email.feedparser
import time:      2385 |       4715 |             email.parser
import time:     17082 |     145281 |           curl_cffi.__version__
import time:      2033 |       2033 |                   concurrent
import time:      2335 |       2335 |                   concurrent.futures._base
import time:      2169 |       6537 |                 concurrent.futures
import time:        89 |         89 |                   _heapq
import time:      1880 |       1969 |                 heapq
import time:      4879 |       4879 |                   _socket
import time:      3732 |       3732 |                     select
import time:      2891 |       6622 |                   selectors
import time:      2675 |      14175 |                 socket
import time:      7205 |       7205 |                   _ssl
import time:      4032 |      11237 |                 ssl
import time:      2349 |       2349 |                 asyncio.constants
import time:      1687 |       1687 |                 asyncio.coroutines
import time:      1584 |       1584 |                   asyncio.format_helpers
import time:      2275 |       2275 |                     asyncio.base_futures
import time:      1730 |       1730 |                     asyncio.exceptions
import time:      1515 |       1515 |                     asyncio.base_tasks
import time:      4459 |       9978 |                   _asyncio
import time:      2147 |      13708 |                 asyncio.events
import time:      1631 |       1631 |                 asyncio.futures
import time:      1753 |       1753 |                 asyncio.protocols
import time:      1680 |       1680 |                   asyncio.transports
import time:      1452 |       1452 |                   asyncio.log
import time:      2632 |       5763 |                 asyncio.sslproto
import time:      1664 |       1664 |                     asyncio.mixins
import time:      2695 |       4358 |                   asyncio.locks
import time:      2189 |       2189 |                     asyncio.queues
import time:      2167 |       2167 |                     asyncio.timeouts
import time:      2454 |       6810 |                   asyncio.tasks
import time:      2473 |      13640 |                 asyncio.staggered
import time:      1867 |       1867 |                 asyncio.trsock
import time:      4171 |      80481 |               asyncio.base_events
import time:      3222 |       3222 |               asyncio.runners
import time:      3119 |       3119 |               asyncio.streams
import time:      2137 |       2137 |               asyncio.subprocess
import time:      1825 |       1825 |               asyncio.taskgroups
import time:      1628 |       1628 |               asyncio.threads
import time:      5971 |       5971 |                 _overlapped
import time:      2805 |       2805 |                 asyncio.base_subprocess
import time:      2690 |       2690 |                 asyncio.proactor_events
import time:      2693 |       2693 |                 asyncio.selector_events
import time:      1931 |       1931 |                 asyncio.windows_utils
import time:      2255 |      18343 |               asyncio.windows_events
import time:      2925 |     113676 |             asyncio
import time:      2116 |     115792 |           curl_cffi.aio
import time:      3709 |       3709 |                   http.client
import time:      1915 |       1915 |                     urllib.response
import time:      2406 |       4320 |                   urllib.error
import time:      2444 |       2444 |                   nturl2path
import time:      3641 |      14113 |                 urllib.request
import time:      8009 |      22121 |               http.cookiejar
import time:      2526 |       2526 |                 curl_cffi.requests.exceptions
import time:      2877 |       5403 |               curl_cffi.requests.errors
import time:      3133 |      30656 |             curl_cffi.requests.cookies
import time:      2321 |       2321 |             curl_cffi.requests.headers
import time:      5659 |       5659 |             curl_cffi.requests.impersonate
import time:      3973 |       3973 |                 _queue
import time:      2376 |       6349 |               queue
import time:       524 |        524 |               orjson
import time:       398 |        398 |               markdownify
import time:      4347 |      11616 |             curl_cffi.requests.models
import time:      2698 |       2698 |               concurrent.futures.thread
import time:      2874 |       2874 |               curl_cffi.requests.utils
import time:      2992 |       2992 |               curl_cffi.requests.websockets
import time:       592 |        592 |               gevent
import time:       426 |        426 |                 eventlet
import time:        31 |        456 |               eventlet.tpool
import time:      5472 |      15081 |             curl_cffi.requests.session
import time:      2108 |      67438 |           curl_cffi.requests
import time:      3423 |     338516 |         curl_cffi
import time:      3686 |       3686 |                   typing_extensions
import time:      2483 |       6169 |                 bs4._typing
import time:      6215 |       6215 |                   soupsieve.__meta__
import time:      1935 |       1935 |                     soupsieve.util
import time:      5041 |       5041 |                         soupsieve.pretty
import time:      4202 |       9242 |                       soupsieve.css_types
import time:      3257 |      12498 |                     soupsieve.css_match
import time:     30398 |      44831 |                   soupsieve.css_parser
import time:      3638 |      54683 |                 soupsieve
import time:      2982 |      63833 |               bs4.css
import time:      3802 |       3802 |               bs4._deprecation
import time:      5638 |       5638 |                       html.entities
import time:      3217 |       8855 |                     html
import time:        60 |       8915 |                   html.entities
import time:       606 |        606 |                   cchardet
import time:       408 |        408 |                   chardet
import time:      4293 |       4293 |                         charset_normalizer.constant
import time:      4172 |       4172 |                           charset_normalizer.md__mypyc
import time:       236 |        236 |                             _multibytecodec
import time:      2890 |       3126 |                           charset_normalizer.utils
import time:      7282 |      14578 |                         charset_normalizer.md
import time:      3743 |       3743 |                         charset_normalizer.models
import time:      3081 |      25694 |                       charset_normalizer.cd
import time:      3563 |      29256 |                     charset_normalizer.api
import time:      3058 |       3058 |                     charset_normalizer.legacy
import time:      2728 |       2728 |                     charset_normalizer.version
import time:      3387 |      38428 |                   charset_normalizer
import time:     25419 |      73775 |                 bs4.dammit
import time:      3101 |      76876 |               bs4.formatter
import time:      2426 |       2426 |               bs4._warnings
import time:      3012 |       3012 |               bs4.filter
import time:      4788 |     154734 |             bs4.element
import time:      2238 |       2238 |             bs4.exceptions
import time:      3962 |       3962 |                 _markupbase
import time:      3776 |       7737 |               html.parser
import time:      3139 |      10875 |             bs4.builder._htmlparser
import time:      1261 |       1261 |               html5lib
import time:      3284 |       4545 |             bs4.builder._html5lib
import time:      1251 |       1251 |               lxml
import time:      3444 |       4695 |             bs4.builder._lxml
import time:      4632 |     181716 |           bs4.builder
import time:      3702 |     185418 |         bs4
import time:       344 |        344 |           frozendict._frozendict
import time:      4021 |       4021 |           frozendict._frozendict_py
import time:      3193 |       3193 |           frozendict.version
import time:      2553 |       2553 |           frozendict.monkeypatch
import time:      1292 |       1292 |             array
import time:      2802 |       4093 |           frozendict.cool
import time:      1743 |       1743 |           orjson
import time:      5810 |      21754 |         frozendict
import time:       595 |        595 |             pysqlite3
import time:       394 |        394 |             pysqlite2
import time:     11373 |      11373 |                 _sqlite3
import time:      2764 |      14136 |               sqlite3.dbapi2
import time:      3323 |      17459 |             sqlite3
import time:      2550 |       2550 |             psycopg2cffi
import time:      1771 |       1771 |             psycopg2
import time:       458 |        458 |               psycopg2
import time:        45 |        503 |             psycopg2.extras
import time:       394 |        394 |             psycopg
import time:       399 |        399 |             pymysql
import time:       406 |        406 |             MySQLdb
import time:     15355 |      39823 |           peewee
import time:      3934 |       3934 |             platformdirs.api
import time:      2408 |       2408 |             platformdirs.version
import time:      3317 |       3317 |             platformdirs.windows
import time:      3695 |      13353 |           platformdirs
import time:     13266 |      66441 |         yfinance.cache
import time:      3059 |       3059 |         yfinance.exceptions
import time:      4076 |     619260 |       yfinance.data
import time:      3606 |    2299369 |     yfinance.search
import time:      5792 |       5792 |     yfinance.lookup
import time:      3110 |       3110 |                 websockets.imports
import time:      5074 |       5074 |                 websockets.version
import time:      3923 |      12106 |               websockets
import time:      2731 |      14837 |             websockets.sync
import time:      3177 |       3177 |               websockets.datastructures
import time:      3357 |       3357 |                   websockets.speedups
import time:      1858 |       1858 |                       websockets.typing
import time:      1848 |       3705 |                     websockets.extensions.base
import time:      1918 |       5623 |                   websockets.extensions
import time:      3599 |      12578 |                 websockets.frames
import time:      5228 |       5228 |                 websockets.http11
import time:      3845 |      21651 |               websockets.exceptions
import time:      4533 |       4533 |               websockets.headers
import time:      1801 |       1801 |                 websockets.streams
import time:      2794 |       4594 |               websockets.protocol
import time:      2755 |       2755 |               websockets.uri
import time:      2270 |       2270 |               websockets.utils
import time:      2954 |      41930 |             websockets.client
import time:      2692 |       2692 |             websockets.extensions.permessage_deflate
import time:      1646 |       1646 |                 websockets.sync.utils
import time:      1828 |       3474 |               websockets.sync.messages
import time:      2036 |       5509 |             websockets.sync.connection
import time:       457 |        457 |             python_socks
import time:      3238 |      68661 |           websockets.sync.client
import time:      1879 |       1879 |             websockets.asyncio
import time:      1945 |       1945 |             websockets.asyncio.compatibility
import time:      2342 |       2342 |               websockets.asyncio.messages
import time:      4012 |       6354 |             websockets.asyncio.connection
import time:       474 |        474 |             python_socks
import time:      2709 |      13358 |           websockets.asyncio.client
import time:       569 |        569 |               google
import time:      1745 |       2313 |             google.protobuf
import time:      1568 |       1568 |               google.protobuf.internal
import time:       464 |        464 |                 google.protobuf.internal._api_implementation
import time:      2280 |       2280 |                 google.protobuf.message
import time:      1695 |       1695 |                 google.protobuf.internal.enum_type_wrapper
import time:       130 |        130 |                 google.protobuf.enable_deterministic_proto_serialization
import time:      7125 |      11693 |               google.protobuf.internal.api_implementation
import time:      2269 |      15528 |             google.protobuf.descriptor
import time:      2029 |       2029 |               google.protobuf.descriptor_database
import time:      2018 |       2018 |               google.protobuf.text_encoding
import time:      3276 |       3276 |               google.protobuf.internal.python_edition_defaults
import time:      3531 |       3531 |                   encodings.raw_unicode_escape
import time:      2524 |       2524 |                   encodings.unicode_escape
import time:      3158 |       3158 |                     google.protobuf.internal.containers
import time:      1959 |       1959 |                       google.protobuf.internal.wire_format
import time:      2283 |       4241 |                     google.protobuf.internal.encoder
import time:      2241 |       9640 |                   google.protobuf.internal.decoder
import time:      2602 |       2602 |                   google.protobuf.internal.type_checkers
import time:      1921 |       1921 |                   google.protobuf.unknown_fields
import time:      3512 |      23727 |                 google.protobuf.text_format
import time:      2196 |       2196 |                 google.protobuf.internal.extension_dict
import time:      2065 |       2065 |                 google.protobuf.internal.message_listener
import time:      2221 |       2221 |                   google.protobuf.internal.field_mask
import time:      3090 |       5311 |                 google.protobuf.internal.well_known_types
import time:      3712 |      37010 |               google.protobuf.internal.python_message
import time:      2192 |      46523 |             google.protobuf.descriptor_pool
import time:      2332 |       2332 |                 google.protobuf.pyext
import time:      2431 |       2431 |                 google.protobuf.pyext.cpp_message
import time:      2155 |       6917 |               google.protobuf.message_factory
import time:      2799 |       2799 |               google.protobuf.symbol_database
import time:      1984 |      11700 |             google.protobuf.reflection
import time:      2132 |      78194 |           yfinance.pricing_pb2
import time:      3276 |       3276 |           google.protobuf.json_format
import time:      3789 |     167277 |         yfinance.live
import time:      1808 |       1808 |           yfinance.scrapers
import time:      2228 |       2228 |           yfinance.scrapers.quote
import time:      2140 |       6176 |         yfinance.scrapers.analysis
import time:      1990 |       1990 |         yfinance.scrapers.fundamentals
import time:      1839 |       1839 |         yfinance.scrapers.holders
import time:      2101 |       2101 |           yfinance.shared
import time:      3321 |       5421 |         yfinance.scrapers.history
import time:      2008 |       2008 |         yfinance.scrapers.funds
import time:      3931 |     188640 |       yfinance.base
import time:      5086 |     193725 |     yfinance.ticker
import time:      2313 |       2313 |               multiprocessing.process
import time:      2655 |       2655 |               multiprocessing.reduction
import time:      4274 |       9241 |             multiprocessing.context
import time:      3372 |      12612 |           multiprocessing
import time:      2993 |      15605 |         multitasking
import time:      2301 |      17905 |       yfinance.multi
import time:      2228 |      20133 |     yfinance.tickers
import time:      1645 |       1645 |           yfinance.domain.domain
import time:      1896 |       3540 |         yfinance.domain.sector
import time:      2660 |       2660 |         yfinance.domain.industry
import time:      2019 |       8218 |       yfinance.domain
import time:        90 |       8307 |     yfinance.domain.sector
import time:      2851 |       2851 |     yfinance.domain.market
import time:      2579 |       2579 |         yfinance.screener.query
import time:      2654 |       2654 |         yfinance.screener.screener
import time:      2077 |       7309 |       yfinance.screener
import time:        45 |       7353 |     yfinance.screener.query
import time:      5597 |    2546085 |   yfinance
import time:      3048 |       3048 |         packaging
import time:      1857 |       1857 |         packaging._structures
import time:      4788 |       9693 |       packaging.version
import time:      1988 |       1988 |         matplotlib._api.deprecation
import time:      2432 |       4419 |       matplotlib._api
import time:      1601 |       1601 |       matplotlib._version
import time:      3995 |       3995 |         shlex
import time:      2567 |       2567 |         matplotlib._c_internal_utils
import time:      3862 |      10423 |       matplotlib.cbook
import time:      1865 |       1865 |       matplotlib._docstring
import time:      2001 |       2001 |           matplotlib.backends.registry
import time:      1778 |       3778 |         matplotlib.backends
import time:      1876 |       1876 |             PIL._version
import time:      2661 |       4536 |           PIL
import time:      5092 |       5092 |             PIL.ExifTags
import time:      2506 |       2506 |               PIL._deprecate
import time:      2762 |       5267 |             PIL.ImageMode
import time:      2704 |       2704 |             PIL.TiffTags
import time:      1746 |       1746 |             PIL._binary
import time:      2352 |       2352 |               PIL._typing
import time:      1576 |       3928 |             PIL._util
import time:       457 |        457 |             defusedxml
import time:      5685 |       5685 |             PIL._imaging
import time:      4808 |      29683 |           PIL.Image
import time:      3826 |       3826 |             PIL.ImageChops
import time:      4034 |       4034 |             PIL.ImageFile
import time:      3009 |       3009 |               PIL.GimpGradientFile
import time:      3367 |       3367 |               PIL.GimpPaletteFile
import time:      3024 |       3024 |               PIL.ImageColor
import time:      2207 |       2207 |               PIL.PaletteFile
import time:      2513 |      14118 |             PIL.ImagePalette
import time:      2344 |       2344 |             PIL.ImageSequence
import time:      6061 |      30381 |           PIL.PngImagePlugin
import time:      3244 |       3244 |           matplotlib._cm
import time:      4238 |       4238 |                 matplotlib._path
import time:      2332 |       2332 |                   matplotlib.bezier
import time:      3061 |       5392 |                 matplotlib.path
import time:      5004 |      14633 |               matplotlib.transforms
import time:      4023 |      18655 |             matplotlib.ticker
import time:      2857 |      21511 |           matplotlib.scale
import time:      2638 |       2638 |           matplotlib._image
import time:      2788 |       2788 |           matplotlib._color_data
import time:      4714 |      99493 |         matplotlib.colors
import time:      2230 |       2230 |             pyparsing.util
import time:      2143 |       2143 |               pyparsing.unicode
import time:      3524 |       5666 |             pyparsing.exceptions
import time:      3033 |       3033 |               pyparsing.results
import time:      2254 |       5287 |             pyparsing.actions
import time:     13108 |      13108 |             pyparsing.core
import time:      5252 |       5252 |             pyparsing.helpers
import time:      2506 |       2506 |             pyparsing.testing
import time:      8532 |       8532 |             pyparsing.common
import time:      4238 |      46816 |           pyparsing
import time:      3337 |      50152 |         matplotlib._fontconfig_pattern
import time:      2704 |       2704 |         matplotlib._enums
import time:      2979 |       2979 |         cycler
import time:      2684 |     161787 |       matplotlib.rcsetup
import time:      4248 |       4248 |       matplotlib.ft2font
import time:      2802 |       2802 |         kiwisolver.exceptions
import time:      5258 |       8060 |       kiwisolver._cext
import time:      5305 |       5305 |           matplotlib.artist
import time:      3843 |       9147 |         matplotlib.colorizer
import time:      3169 |       3169 |         matplotlib._cm_listed
import time:      3506 |       3506 |         matplotlib._cm_multivar
import time:      3013 |       3013 |         matplotlib._cm_bivar
import time:      6377 |      25209 |       matplotlib.cm
import time:     18256 |     245557 |     matplotlib
import time:      2328 |       2328 |         matplotlib.hatch
import time:      2913 |       2913 |           matplotlib.markers
import time:      8556 |      11468 |         matplotlib.lines
import time:     30549 |      44344 |       matplotlib.collections
import time:      2585 |       2585 |             matplotlib._pylab_helpers
import time:      5130 |       7715 |           matplotlib.backend_tools
import time:      3378 |       3378 |                     xml
import time:      2588 |       5966 |                   xml.parsers
import time:      3903 |       3903 |                   pyexpat
import time:      1836 |      11704 |                 xml.parsers.expat
import time:      3635 |      15339 |               plistlib
import time:      3287 |       3287 |                 matplotlib._mathtext_data
import time:      2341 |       5628 |               matplotlib._afm
import time:      9403 |      30368 |             matplotlib.font_manager
import time:     22906 |      22906 |             matplotlib.patches
import time:      4354 |       4354 |               matplotlib._text_helpers
import time:      3562 |       3562 |               matplotlib.dviread
import time:      5014 |       5014 |                 matplotlib._mathtext
import time:      2422 |       7435 |               matplotlib.mathtext
import time:      2347 |       2347 |               matplotlib.texmanager
import time:      2707 |      20405 |             matplotlib.textpath
import time:     10875 |      84553 |           matplotlib.text
import time:      2391 |       2391 |           matplotlib._tight_bbox
import time:      3958 |       3958 |           matplotlib.widgets
import time:      2314 |       2314 |           matplotlib.backend_managers
import time:      1935 |       1935 |               matplotlib._layoutgrid
import time:      2653 |       4587 |             matplotlib._constrained_layout
import time:      2327 |       2327 |             matplotlib._tight_layout
import time:      3203 |      10116 |           matplotlib.layout_engine
import time:      7870 |     118913 |         matplotlib.backend_bases
import time:      6455 |     125367 |       matplotlib.contour
import time:      5837 |       5837 |       matplotlib.spines
import time:      4032 |     179579 |     matplotlib.colorbar
import time:     14646 |      14646 |     matplotlib.image
import time:    112415 |     112415 |       matplotlib.style.core
import time:      3801 |     116216 |     matplotlib.style
import time:      2650 |       2650 |       matplotlib._blocking_input
import time:      9013 |       9013 |             matplotlib.offsetbox
import time:      2860 |       2860 |               matplotlib.units
import time:     10150 |      13010 |             matplotlib.axis
import time:      2968 |       2968 |             matplotlib.gridspec
import time:      3989 |       3989 |             matplotlib.table
import time:     10513 |      39491 |           matplotlib.axes._base
import time:      1924 |       1924 |             matplotlib.category
import time:      2534 |       2534 |               dateutil.rrule
import time:      2347 |       4880 |             matplotlib.dates
import time:      4428 |       4428 |             matplotlib.inset
import time:      2529 |       2529 |               matplotlib.container
import time:      2955 |       2955 |               matplotlib.legend_handler
import time:      4682 |      10165 |             matplotlib.legend
import time:      2783 |       2783 |             matplotlib.mlab
import time:     11564 |      11564 |             matplotlib.quiver
import time:      2282 |       2282 |             matplotlib.stackplot
import time:      2443 |       2443 |             matplotlib.streamplot
import time:      3022 |       3022 |               matplotlib.tri._triangulation
import time:      3819 |       3819 |               matplotlib.tri._tricontour
import time:      2468 |       2468 |               matplotlib.tri._trifinder
import time:      4650 |       4650 |                 matplotlib.tri._tritools
import time:      3230 |       7880 |               matplotlib.tri._triinterpolate
import time:      3702 |       3702 |               matplotlib.tri._tripcolor
import time:      2431 |       2431 |               matplotlib.tri._triplot
import time:      2379 |       2379 |               matplotlib.tri._trirefine
import time:      5882 |      31580 |             matplotlib.tri
import time:      8166 |       8166 |             matplotlib.axes._secondary_axes
import time:     28204 |     108414 |           matplotlib.axes._axes
import time:      2133 |     150037 |         matplotlib.axes
import time:     15534 |      15534 |         matplotlib.projections.geo
import time:     12719 |      12719 |         matplotlib.projections.polar
import time:      1160 |       1160 |           mpl_toolkits
import time:      2687 |       2687 |               mpl_toolkits.mplot3d.proj3d
import time:     21490 |      24177 |             mpl_toolkits.mplot3d.art3d
import time:      6982 |       6982 |             mpl_toolkits.mplot3d.axis3d
import time:     13268 |      44426 |           mpl_toolkits.mplot3d.axes3d
import time:      3301 |      48887 |         mpl_toolkits.mplot3d
import time:      2416 |     229591 |       matplotlib.projections
import time:      6915 |     239155 |     matplotlib.figure
import time:      9075 |     804225 |   matplotlib.pyplot
import time:      1728 |       1728 |         ta.utils
import time:      2368 |       4096 |       ta.momentum
import time:      1759 |       1759 |       ta.others
import time:      2661 |       2661 |       ta.trend
import time:      2931 |       2931 |       ta.volatility
import time:      3013 |       3013 |       ta.volume
import time:      2681 |      17139 |     ta.wrapper
import time:      4491 |      21629 |   ta
import time:      3369 |       3369 |       urllib3.exceptions
import time:      3234 |       3234 |               urllib3.util.timeout
import time:      3370 |       6604 |             urllib3.util.connection
import time:      2337 |       2337 |               urllib3.util.util
import time:       752 |        752 |               brotlicffi
import time:       597 |        597 |               brotli
import time:      1189 |       1189 |               zstandard
import time:      6392 |      11266 |             urllib3.util.request
import time:      5919 |       5919 |             urllib3.util.response
import time:      2872 |       2872 |             urllib3.util.retry
import time:     12958 |      12958 |               urllib3.util.url
import time:      2973 |       2973 |               urllib3.util.ssltransport
import time:      2601 |      18531 |             urllib3.util.ssl_
import time:      3737 |       3737 |             urllib3.util.wait
import time:      3781 |      52708 |           urllib3.util
import time:        70 |      52778 |         urllib3.util.connection
import time:      3680 |      56457 |       urllib3._base_connection
import time:      3100 |       3100 |       urllib3._collections
import time:      2368 |       2368 |       urllib3._version
import time:      3156 |       3156 |               mimetypes
import time:      3934 |       7090 |             urllib3.fields
import time:      2519 |       9609 |           urllib3.filepost
import time:       758 |        758 |             brotlicffi
import time:       542 |        542 |             brotli
import time:       547 |        547 |             zstandard
import time:      5177 |       5177 |               urllib3.http2
import time:      3218 |       3218 |               urllib3.http2.probe
import time:      2753 |       2753 |               urllib3.util.ssl_match_hostname
import time:      3820 |      14966 |             urllib3.connection
import time:      3986 |      20797 |           urllib3.response
import time:      2735 |      33140 |         urllib3._request_methods
import time:      2898 |       2898 |         urllib3.util.proxy
import time:      2748 |      38785 |       urllib3.connectionpool
import time:      6552 |       6552 |       urllib3.poolmanager
import time:      2934 |     113563 |     urllib3
import time:       607 |        607 |         simplejson
import time:      4000 |       4606 |       requests.compat
import time:      4576 |       9181 |     requests.exceptions
import time:       720 |        720 |     chardet
import time:      4450 |       4450 |           idna.idnadata
import time:      5268 |       5268 |           idna.intranges
import time:      4672 |      14388 |         idna.core
import time:      3604 |       3604 |         idna.package_data
import time:      4193 |      22185 |       idna
import time:      6736 |      28920 |     requests.packages
import time:      4277 |       4277 |       requests.certs
import time:      5496 |       5496 |       requests.__version__
import time:      3637 |       3637 |       requests._internal_utils
import time:      3645 |       3645 |       requests.cookies
import time:      5297 |       5297 |       requests.structures
import time:      4151 |      26501 |     requests.utils
import time:      3847 |       3847 |           requests.auth
import time:     11046 |      11046 |               stringprep
import time:      4072 |      15118 |             encodings.idna
import time:      4082 |       4082 |             requests.hooks
import time:      3938 |       3938 |             requests.status_codes
import time:      6004 |      29140 |           requests.models
import time:      4870 |       4870 |             urllib3.contrib
import time:      1034 |       1034 |             socks
import time:      6446 |      12349 |           urllib3.contrib.socks
import time:    486061 |     531397 |         requests.adapters
import time:      3668 |     535064 |       requests.sessions
import time:      4134 |     539198 |     requests.api
import time:      3026 |     721107 |   requests
import time:      8407 |       8407 |     trading_c
import time:      4798 |      13205 |   qsi_optimized
import time:      6085 |    4112334 | qsi
